TN:
SF:src/FittedSheet.tsx
FN:62,(anonymous_0)
FN:74,(anonymous_1)
FN:80,(anonymous_2)
FN:84,(anonymous_3)
FN:89,(anonymous_4)
FN:94,(anonymous_5)
FN:102,(anonymous_6)
FN:106,(anonymous_7)
FN:111,(anonymous_8)
FN:119,(anonymous_9)
FN:123,(anonymous_10)
FN:125,(anonymous_11)
FN:132,(anonymous_12)
FN:139,(anonymous_13)
FN:146,(anonymous_14)
FN:150,(anonymous_15)
FNF:16
FNH:12
FNDA:68,(anonymous_0)
FNDA:273,(anonymous_1)
FNDA:69,(anonymous_2)
FNDA:0,(anonymous_3)
FNDA:4,(anonymous_4)
FNDA:77,(anonymous_5)
FNDA:31,(anonymous_6)
FNDA:1,(anonymous_7)
FNDA:0,(anonymous_8)
FNDA:132,(anonymous_9)
FNDA:68,(anonymous_10)
FNDA:0,(anonymous_11)
FNDA:68,(anonymous_12)
FNDA:68,(anonymous_13)
FNDA:0,(anonymous_14)
FNDA:134,(anonymous_15)
DA:16,6
DA:53,6
DA:57,68
DA:58,68
DA:63,68
DA:64,68
DA:65,68
DA:67,68
DA:74,68
DA:76,273
DA:77,206
DA:80,68
DA:81,69
DA:84,68
DA:85,0
DA:86,0
DA:89,68
DA:90,4
DA:91,4
DA:94,68
DA:95,77
DA:96,67
DA:97,67
DA:99,67
DA:102,6
DA:103,31
DA:106,6
DA:107,1
DA:111,68
DA:112,0
DA:113,0
DA:114,0
DA:115,0
DA:116,0
DA:120,132
DA:124,68
DA:125,68
DA:126,0
DA:127,0
DA:128,0
DA:133,68
DA:134,68
DA:135,68
DA:136,68
DA:140,68
DA:141,68
DA:143,0
DA:147,0
DA:151,134
DA:152,66
DA:156,66
DA:159,66
DA:163,66
DA:164,66
DA:165,1
DA:168,66
DA:169,66
DA:170,0
DA:171,0
DA:174,66
DA:176,66
DA:189,66
DA:191,66
DA:192,66
LF:64
LH:50
BRDA:74,0,0,206
BRDA:76,1,0,67
BRDA:76,1,1,206
BRDA:95,2,0,10
BRDA:95,2,1,67
BRDA:120,3,0,132
BRDA:120,3,1,0
BRDA:140,4,0,68
BRDA:140,4,1,0
BRDA:151,5,0,68
BRDA:151,5,1,66
BRDA:153,6,0,66
BRDA:153,6,1,61
BRDA:156,7,0,0
BRDA:156,7,1,66
BRDA:160,8,0,66
BRDA:160,8,1,66
BRDA:164,9,0,1
BRDA:164,9,1,65
BRDA:169,10,0,0
BRDA:169,10,1,66
BRDA:170,11,0,0
BRDA:170,11,1,0
BRDA:170,12,0,0
BRDA:170,12,1,0
BRDA:174,13,0,66
BRDA:174,13,1,0
BRDA:201,14,0,66
BRDA:201,14,1,63
BRDA:207,15,0,66
BRDA:207,15,1,63
BRDA:209,16,0,66
BRDA:209,16,1,66
BRDA:225,17,0,66
BRDA:225,17,1,66
BRDA:225,17,2,7
BRDA:228,18,0,66
BRDA:228,18,1,66
BRDA:228,18,2,59
BRF:39
BRH:30
end_of_record
TN:
SF:src/GlobalSheetView.tsx
FN:12,presentGlobalFittedSheet
FN:17,dismissGlobalFittedSheet
FN:22,attachScrollViewToGlobalFittedSheet
FN:48,(anonymous_3)
FN:71,(anonymous_4)
FN:94,(anonymous_5)
FN:104,(anonymous_6)
FN:110,(anonymous_7)
FN:115,(anonymous_8)
FN:129,(anonymous_9)
FN:138,(anonymous_10)
FN:141,(anonymous_11)
FN:143,(anonymous_12)
FN:146,(anonymous_13)
FN:159,(anonymous_14)
FN:173,(anonymous_15)
FN:183,(anonymous_16)
FN:188,(anonymous_17)
FN:193,(anonymous_18)
FN:207,(anonymous_19)
FNF:20
FNH:15
FNDA:33,presentGlobalFittedSheet
FNDA:19,dismissGlobalFittedSheet
FNDA:3,attachScrollViewToGlobalFittedSheet
FNDA:34,(anonymous_3)
FNDA:0,(anonymous_4)
FNDA:17,(anonymous_5)
FNDA:34,(anonymous_6)
FNDA:0,(anonymous_7)
FNDA:3,(anonymous_8)
FNDA:40,(anonymous_9)
FNDA:20,(anonymous_10)
FNDA:52,(anonymous_11)
FNDA:52,(anonymous_12)
FNDA:33,(anonymous_13)
FNDA:19,(anonymous_14)
FNDA:20,(anonymous_15)
FNDA:0,(anonymous_16)
FNDA:0,(anonymous_17)
FNDA:0,(anonymous_18)
FNDA:20,(anonymous_19)
DA:13,33
DA:14,33
DA:18,19
DA:19,19
DA:23,3
DA:24,3
DA:25,3
DA:26,2
DA:29,2
DA:31,1
DA:32,1
DA:40,6
DA:41,6
DA:48,6
DA:49,34
DA:50,17
DA:51,17
DA:56,17
DA:57,17
DA:58,17
DA:61,17
DA:62,17
DA:63,17
DA:71,6
DA:72,0
DA:77,0
DA:78,0
DA:79,0
DA:81,0
DA:86,0
DA:90,6
DA:95,17
DA:96,17
DA:97,17
DA:98,0
DA:99,0
DA:102,17
DA:104,34
DA:110,0
DA:118,3
DA:120,3
DA:125,3
DA:129,6
DA:130,40
DA:131,40
DA:138,40
DA:139,20
DA:141,20
DA:142,52
DA:143,52
DA:146,20
DA:147,33
DA:151,33
DA:152,33
DA:156,33
DA:159,20
DA:160,19
DA:164,19
DA:165,19
DA:166,19
DA:170,19
DA:173,20
DA:174,20
DA:179,20
DA:180,20
DA:183,20
DA:184,0
DA:188,20
DA:189,0
DA:193,20
DA:195,20
DA:199,40
DA:200,25
DA:201,25
DA:204,15
DA:205,15
DA:208,20
LF:77
LH:66
BRDA:25,0,0,2
BRDA:25,0,1,1
BRDA:49,1,0,17
BRDA:49,1,1,17
BRDA:57,2,0,17
BRDA:57,2,1,0
BRDA:97,3,0,0
BRDA:97,3,1,17
BRDA:106,4,0,17
BRDA:106,4,1,15
BRDA:108,5,0,17
BRDA:108,5,1,17
BRDA:118,6,0,3
BRDA:118,6,1,3
BRDA:199,7,0,25
BRDA:199,7,1,15
BRF:16
BRH:14
end_of_record
TN:
SF:src/NativeSheet.ts
FNF:0
FNH:0
LF:0
LH:0
BRF:0
BRH:0
end_of_record
TN:
SF:src/PublicSheetView.tsx
FN:13,presentFittedSheet
FN:19,attachScrollViewToFittedSheet
FN:25,dismissFittedSheet
FN:31,dismissFittedSheetsAll
FN:36,dismissFittedPresented
FN:47,(anonymous_5)
FN:50,(anonymous_6)
FN:52,(anonymous_7)
FN:58,(anonymous_8)
FNF:9
FNH:9
FNDA:24,presentFittedSheet
FNDA:3,attachScrollViewToFittedSheet
FNDA:3,dismissFittedSheet
FNDA:31,dismissFittedSheetsAll
FNDA:1,dismissFittedPresented
FNDA:68,(anonymous_5)
FNDA:43,(anonymous_6)
FNDA:68,(anonymous_7)
FNDA:68,(anonymous_8)
DA:12,6
DA:14,24
DA:15,22
DA:16,22
DA:20,3
DA:21,2
DA:22,2
DA:26,3
DA:27,2
DA:28,2
DA:32,31
DA:33,31
DA:37,1
DA:38,1
DA:46,6
DA:48,68
DA:50,68
DA:52,68
DA:53,68
DA:54,40
DA:55,1
DA:56,40
DA:58,68
DA:59,68
DA:60,40
DA:64,68
LF:26
LH:26
BRDA:14,0,0,2
BRDA:14,0,1,22
BRDA:20,1,0,1
BRDA:20,1,1,2
BRDA:26,2,0,1
BRDA:26,2,1,2
BRDA:53,3,0,40
BRDA:53,3,1,28
BRDA:54,4,0,1
BRDA:54,4,1,39
BRDA:59,5,0,28
BRDA:59,5,1,40
BRF:12
BRH:12
end_of_record
TN:
SF:src/SheetViewNativeComponent.ts
FNF:0
FNH:0
DA:36,0
LF:1
LH:0
BRF:0
BRH:0
end_of_record
